2025-05-22 20:06:06 - INFO - Applying DQ rule [dq_null_values_check] on 'id' column.
2025-05-22 20:06:06 - INFO - Validating inputs.
2025-05-22 20:06:07 - INFO - Input validation completed successfully: Column 'id' has no null or blank values.
2025-05-22 20:06:07 - INFO - Applying DQ rule [dq_null_values_check] on 'id' column.
2025-05-22 20:06:07 - INFO - Applying DQ rule [dq_null_values_check] on 'id' column.
2025-05-22 20:06:07 - INFO - Validating inputs.
2025-05-22 20:06:07 - INFO - Validating inputs.
2025-05-22 20:06:07 - INFO - Applying DQ rule [dq_null_values_check] on 'id' column.
2025-05-22 20:06:07 - INFO - Validating inputs.
2025-05-22 20:06:07 - INFO - Applying DQ rule [dq_null_values_check] on 'id' column.
2025-05-22 20:06:07 - INFO - Validating inputs.
2025-05-22 20:06:20 - INFO - Input validation completed successfully: Column 'id' has no null or blank values.
2025-05-22 20:06:20 - INFO - Input validation completed successfully: Column 'id' has no null or blank values.
2025-05-22 20:06:20 - INFO - Input validation completed successfully: Column 'id' has no null or blank values.
2025-05-22 20:06:21 - INFO - Input validation completed successfully: Column 'id' has no null or blank values.
2025-05-22 20:06:22 - INFO - Applying DQ rule [dq_null_values_check] on 'customer_name' column.
2025-05-22 20:06:22 - INFO - Validating inputs.
2025-05-22 20:06:22 - INFO - Input validation completed successfully: Column 'customer_name' has 1 rows with null or blank values.
2025-05-22 20:06:22 - INFO - Applying DQ rule [dq_null_values_check] on 'customer_name' column.
2025-05-22 20:06:22 - INFO - Validating inputs.
2025-05-22 20:06:22 - INFO - Applying DQ rule [dq_null_values_check] on 'customer_name' column.
2025-05-22 20:06:22 - INFO - Validating inputs.
2025-05-22 20:06:22 - INFO - Applying DQ rule [dq_null_values_check] on 'customer_name' column.
2025-05-22 20:06:22 - INFO - Validating inputs.
2025-05-22 20:06:22 - INFO - Applying DQ rule [dq_null_values_check] on 'customer_name' column.
2025-05-22 20:06:22 - INFO - Validating inputs.
2025-05-22 20:06:40 - INFO - Input validation completed successfully: Column 'customer_name' has 7586 rows with null or blank values.
2025-05-22 20:06:40 - INFO - Input validation completed successfully: Column 'customer_name' has 7412 rows with null or blank values.
2025-05-22 20:06:40 - INFO - Input validation completed successfully: Column 'customer_name' has 7563 rows with null or blank values.
2025-05-22 20:06:41 - INFO - Input validation completed successfully: Column 'customer_name' has 7414 rows with null or blank values.
2025-05-22 20:10:53 - INFO - Applying DQ rule [dq_null_values_check] on 'id' column.
2025-05-22 20:10:53 - INFO - Validating inputs.
2025-05-22 20:10:53 - INFO - Input validation completed successfully: Column 'id' has no null or blank values.
2025-05-22 20:10:53 - INFO - Applying DQ rule [dq_null_values_check] on 'id' column.
2025-05-22 20:10:53 - INFO - Applying DQ rule [dq_null_values_check] on 'id' column.
2025-05-22 20:10:53 - INFO - Validating inputs.
2025-05-22 20:10:53 - INFO - Applying DQ rule [dq_null_values_check] on 'id' column.
2025-05-22 20:10:53 - INFO - Applying DQ rule [dq_null_values_check] on 'id' column.
2025-05-22 20:10:53 - INFO - Validating inputs.
2025-05-22 20:10:53 - INFO - Validating inputs.
2025-05-22 20:10:53 - INFO - Validating inputs.
2025-05-22 20:11:01 - INFO - Input validation completed successfully: Column 'id' has no null or blank values.
2025-05-22 20:11:04 - INFO - Input validation completed successfully: Column 'id' has no null or blank values.
2025-05-22 20:11:06 - INFO - Input validation completed successfully: Column 'id' has no null or blank values.
2025-05-22 20:11:06 - INFO - Input validation completed successfully: Column 'id' has no null or blank values.
2025-05-22 20:11:07 - INFO - Applying DQ rule [dq_null_values_check] on 'customer_name' column.
2025-05-22 20:11:07 - INFO - Validating inputs.
2025-05-22 20:11:07 - INFO - Input validation completed successfully: Column 'customer_name' has 1 rows with null or blank values.
2025-05-22 20:11:07 - INFO - Applying DQ rule [dq_null_values_check] on 'customer_name' column.
2025-05-22 20:11:07 - INFO - Validating inputs.
2025-05-22 20:11:07 - INFO - Applying DQ rule [dq_null_values_check] on 'customer_name' column.
2025-05-22 20:11:07 - INFO - Validating inputs.
2025-05-22 20:11:07 - INFO - Applying DQ rule [dq_null_values_check] on 'customer_name' column.
2025-05-22 20:11:07 - INFO - Applying DQ rule [dq_null_values_check] on 'customer_name' column.
2025-05-22 20:11:07 - INFO - Validating inputs.
2025-05-22 20:11:07 - INFO - Validating inputs.
2025-05-22 20:11:22 - INFO - Input validation completed successfully: Column 'customer_name' has 7586 rows with null or blank values.
2025-05-22 20:11:23 - INFO - Input validation completed successfully: Column 'customer_name' has 7414 rows with null or blank values.
2025-05-22 20:11:23 - INFO - Input validation completed successfully: Column 'customer_name' has 7563 rows with null or blank values.
2025-05-22 20:11:23 - INFO - Input validation completed successfully: Column 'customer_name' has 7412 rows with null or blank values.
