2025-04-15 20:47:33 - INFO - Applying DQ rule [dq_null_values_check] on 'customer_name' column.
2025-04-15 20:47:33 - INFO - Validating inputs.
2025-04-15 20:47:33 - INFO - Input validation completed successfully: Column 'customer_name' has 1 rows with null or blank values.
2025-04-15 20:47:34 - INFO - Applying DQ rule [dq_null_values_check] on 'customer_name' column.
2025-04-15 20:47:34 - INFO - Validating inputs.
2025-04-15 20:47:34 - INFO - Applying DQ rule [dq_null_values_check] on 'customer_name' column.
2025-04-15 20:47:34 - INFO - Validating inputs.
2025-04-15 20:47:34 - INFO - Applying DQ rule [dq_null_values_check] on 'customer_name' column.
2025-04-15 20:47:34 - INFO - Validating inputs.
2025-04-15 20:47:34 - INFO - Applying DQ rule [dq_null_values_check] on 'customer_name' column.
2025-04-15 20:47:34 - INFO - Validating inputs.
2025-04-15 20:48:51 - INFO - Input validation completed successfully: Column 'customer_name' has 37731 rows with null or blank values.
2025-04-15 20:48:55 - INFO - Input validation completed successfully: Column 'customer_name' has 37569 rows with null or blank values.
2025-04-15 20:48:56 - INFO - Input validation completed successfully: Column 'customer_name' has 37442 rows with null or blank values.
2025-04-15 20:48:57 - INFO - Input validation completed successfully: Column 'customer_name' has 37511 rows with null or blank values.
2025-04-15 20:48:58 - INFO - Applying DQ rule [dq_mobile_length_check] on 'mobile_number' column.
2025-04-15 20:48:58 - INFO - Validating inputs.
2025-04-15 20:48:58 - INFO - Input validation completed successfully: Column 'mobile_number' has 2 rows with invalid mobile lengths.
2025-04-15 20:48:59 - INFO - Applying DQ rule [dq_mobile_length_check] on 'mobile_number' column.
2025-04-15 20:48:59 - INFO - Validating inputs.
2025-04-15 20:48:59 - INFO - Applying DQ rule [dq_mobile_length_check] on 'mobile_number' column.
2025-04-15 20:48:59 - INFO - Validating inputs.
2025-04-15 20:48:59 - INFO - Applying DQ rule [dq_mobile_length_check] on 'mobile_number' column.
2025-04-15 20:48:59 - INFO - Applying DQ rule [dq_mobile_length_check] on 'mobile_number' column.
2025-04-15 20:48:59 - INFO - Validating inputs.
2025-04-15 20:48:59 - INFO - Validating inputs.
2025-04-15 20:50:21 - INFO - Input validation completed successfully: Column 'mobile_number' has 74197 rows with invalid mobile lengths.
2025-04-15 20:50:21 - INFO - Input validation completed successfully: Column 'mobile_number' has 73819 rows with invalid mobile lengths.
2025-04-15 20:50:24 - INFO - Input validation completed successfully: Column 'mobile_number' has 73960 rows with invalid mobile lengths.
2025-04-15 20:50:24 - INFO - Input validation completed successfully: Column 'mobile_number' has 73885 rows with invalid mobile lengths.
2025-04-15 20:50:25 - INFO - Applying DQ rule [dq_null_values_check] on 'mobile_number' column.
2025-04-15 20:50:25 - INFO - Validating inputs.
2025-04-15 20:50:25 - INFO - Input validation completed successfully: Column 'mobile_number' has 1 rows with null or blank values.
2025-04-15 20:50:26 - INFO - Applying DQ rule [dq_null_values_check] on 'mobile_number' column.
2025-04-15 20:50:26 - INFO - Applying DQ rule [dq_null_values_check] on 'mobile_number' column.
2025-04-15 20:50:26 - INFO - Applying DQ rule [dq_null_values_check] on 'mobile_number' column.
2025-04-15 20:50:26 - INFO - Validating inputs.
2025-04-15 20:50:26 - INFO - Applying DQ rule [dq_null_values_check] on 'mobile_number' column.
2025-04-15 20:50:26 - INFO - Validating inputs.
2025-04-15 20:50:26 - INFO - Validating inputs.
2025-04-15 20:50:26 - INFO - Validating inputs.
2025-04-15 20:51:46 - INFO - Input validation completed successfully: Column 'mobile_number' has 37599 rows with null or blank values.
2025-04-15 20:51:50 - INFO - Input validation completed successfully: Column 'mobile_number' has 37419 rows with null or blank values.
2025-04-15 20:51:50 - INFO - Input validation completed successfully: Column 'mobile_number' has 37487 rows with null or blank values.
2025-04-15 20:51:50 - INFO - Input validation completed successfully: Column 'mobile_number' has 37624 rows with null or blank values.
2025-04-15 20:51:51 - INFO - Applying DQ rule [dq_null_values_check] on 'customer_age' column.
2025-04-15 20:51:51 - INFO - Validating inputs.
2025-04-15 20:51:51 - INFO - Input validation completed successfully: Column 'customer_age' has no null or blank values.
2025-04-15 20:51:52 - INFO - Applying DQ rule [dq_null_values_check] on 'customer_age' column.
2025-04-15 20:51:52 - INFO - Validating inputs.
2025-04-15 20:51:52 - INFO - Applying DQ rule [dq_null_values_check] on 'customer_age' column.
2025-04-15 20:51:52 - INFO - Validating inputs.
2025-04-15 20:51:52 - INFO - Applying DQ rule [dq_null_values_check] on 'customer_age' column.
2025-04-15 20:51:52 - INFO - Validating inputs.
2025-04-15 20:51:52 - INFO - Applying DQ rule [dq_null_values_check] on 'customer_age' column.
2025-04-15 20:51:52 - INFO - Validating inputs.
2025-04-15 20:53:09 - INFO - Input validation completed successfully: Column 'customer_age' has 37093 rows with null or blank values.
2025-04-15 20:53:18 - INFO - Input validation completed successfully: Column 'customer_age' has 37438 rows with null or blank values.
2025-04-15 20:53:18 - INFO - Input validation completed successfully: Column 'customer_age' has 37214 rows with null or blank values.
2025-04-15 20:53:18 - INFO - Input validation completed successfully: Column 'customer_age' has 37615 rows with null or blank values.
2025-04-15 20:53:19 - INFO - Applying DQ rule [dq_dob_age_check] on 'customer_age' column.
2025-04-15 20:53:19 - INFO - Validating inputs.
2025-04-15 20:53:19 - INFO - Input validation completed successfully: Column 'customer_age' has 2 rows with invalid ages.
2025-04-15 20:53:20 - INFO - Applying DQ rule [dq_dob_age_check] on 'customer_age' column.
2025-04-15 20:53:20 - INFO - Applying DQ rule [dq_dob_age_check] on 'customer_age' column.
2025-04-15 20:53:20 - INFO - Validating inputs.
2025-04-15 20:53:20 - INFO - Applying DQ rule [dq_dob_age_check] on 'customer_age' column.
2025-04-15 20:53:20 - INFO - Validating inputs.
2025-04-15 20:53:20 - INFO - Applying DQ rule [dq_dob_age_check] on 'customer_age' column.
2025-04-15 20:53:20 - INFO - Validating inputs.
2025-04-15 20:53:20 - INFO - Validating inputs.
2025-04-15 20:53:33 - INFO - Input validation completed successfully: Column 'customer_age' has 206955 rows with invalid ages.
2025-04-15 20:53:33 - INFO - Input validation completed successfully: Column 'customer_age' has 206582 rows with invalid ages.
2025-04-15 20:53:33 - INFO - Input validation completed successfully: Column 'customer_age' has 207010 rows with invalid ages.
2025-04-15 20:53:33 - INFO - Input validation completed successfully: Column 'customer_age' has 207044 rows with invalid ages.
2025-04-15 20:53:34 - INFO - Applying DQ rule [dq_customer_age_check] on 'customer_age' column.
2025-04-15 20:53:34 - INFO - Validating inputs.
2025-04-15 20:53:34 - INFO - Input validation completed successfully: Column 'customer_age' has 2 rows with invalid ages.
2025-04-15 20:53:36 - INFO - Applying DQ rule [dq_customer_age_check] on 'customer_age' column.
2025-04-15 20:53:36 - INFO - Validating inputs.
2025-04-15 20:53:36 - INFO - Applying DQ rule [dq_customer_age_check] on 'customer_age' column.
2025-04-15 20:53:36 - INFO - Validating inputs.
2025-04-15 20:53:36 - INFO - Applying DQ rule [dq_customer_age_check] on 'customer_age' column.
2025-04-15 20:53:36 - INFO - Validating inputs.
2025-04-15 20:53:36 - INFO - Applying DQ rule [dq_customer_age_check] on 'customer_age' column.
2025-04-15 20:53:36 - INFO - Validating inputs.
2025-04-15 20:53:46 - INFO - Input validation completed successfully: Column 'customer_age' has 97161 rows with invalid ages.
2025-04-15 20:53:50 - INFO - Input validation completed successfully: Column 'customer_age' has 97567 rows with invalid ages.
2025-04-15 20:53:50 - INFO - Input validation completed successfully: Column 'customer_age' has 97142 rows with invalid ages.
2025-04-15 20:53:50 - INFO - Input validation completed successfully: Column 'customer_age' has 97108 rows with invalid ages.
2025-04-15 20:53:53 - INFO - Writing clean records to data/output/customers_clean_records_2025-04-15_20-53-53.csv
2025-04-15 20:53:59 - INFO - Writing failed records to data/output/customers_failed_records_2025-04-15_20-53-53.csv
2025-04-15 20:54:11 - INFO - Applying DQ rule [dq_null_values_check] on 'customer_name' column.
2025-04-15 20:54:11 - INFO - Validating inputs.
2025-04-15 20:54:11 - INFO - Input validation completed successfully: Column 'customer_name' has 1 rows with null or blank values.
2025-04-15 20:54:11 - INFO - Applying DQ rule [dq_null_values_check] on 'customer_name' column.
2025-04-15 20:54:11 - INFO - Validating inputs.
2025-04-15 20:54:11 - INFO - Input validation completed successfully: Column 'customer_name' has 1 rows with null or blank values.
2025-04-15 20:54:11 - INFO - Applying DQ rule [dq_null_values_check] on 'customer_name' column.
2025-04-15 20:54:11 - INFO - Applying DQ rule [dq_null_values_check] on 'customer_name' column.
2025-04-15 20:54:11 - INFO - Validating inputs.
2025-04-15 20:54:11 - INFO - Validating inputs.
2025-04-15 20:54:11 - INFO - Applying DQ rule [dq_null_values_check] on 'customer_name' column.
2025-04-15 20:54:11 - INFO - Applying DQ rule [dq_null_values_check] on 'customer_name' column.
2025-04-15 20:54:11 - INFO - Validating inputs.
2025-04-15 20:54:11 - INFO - Validating inputs.
2025-04-15 20:54:11 - INFO - Input validation completed successfully: Column 'customer_name' has no null or blank values.
2025-04-15 20:54:11 - INFO - Input validation completed successfully: Column 'customer_name' has no null or blank values.
2025-04-15 20:54:11 - INFO - Input validation completed successfully: Column 'customer_name' has 1 rows with null or blank values.
2025-04-15 20:54:11 - INFO - Input validation completed successfully: Column 'customer_name' has 1 rows with null or blank values.
2025-04-15 20:54:12 - INFO - Writing clean records to data/output/hoonartek_test_data.csv_clean_records_2025-04-15_20-54-12.csv
2025-04-15 20:54:12 - INFO - Writing failed records to data/output/hoonartek_test_data.csv_failed_records_2025-04-15_20-54-12.csv
