2025-05-26 22:09:16 - INFO - Applying DQ rule [dq_null_values_check] on 'id' column.
2025-05-26 22:09:16 - INFO - Validating inputs.
2025-05-26 22:09:16 - INFO - Input validation completed successfully: Column 'id' has no null or blank values.
2025-05-26 22:09:16 - INFO - Applying DQ rule [dq_null_values_check] on 'id' column.
2025-05-26 22:09:16 - INFO - Applying DQ rule [dq_null_values_check] on 'id' column.
2025-05-26 22:09:16 - INFO - Validating inputs.
2025-05-26 22:09:16 - INFO - Applying DQ rule [dq_null_values_check] on 'id' column.
2025-05-26 22:09:16 - INFO - Applying DQ rule [dq_null_values_check] on 'id' column.
2025-05-26 22:09:16 - INFO - Validating inputs.
2025-05-26 22:09:16 - INFO - Validating inputs.
2025-05-26 22:09:16 - INFO - Validating inputs.
2025-05-26 22:09:28 - INFO - Input validation completed successfully: Column 'id' has no null or blank values.
2025-05-26 22:09:28 - INFO - Input validation completed successfully: Column 'id' has no null or blank values.
2025-05-26 22:09:29 - INFO - Input validation completed successfully: Column 'id' has no null or blank values.
2025-05-26 22:09:29 - INFO - Input validation completed successfully: Column 'id' has no null or blank values.
2025-05-26 22:09:30 - INFO - Applying DQ rule [dq_null_values_check] on 'customer_name' column.
2025-05-26 22:09:30 - INFO - Validating inputs.
2025-05-26 22:09:30 - INFO - Input validation completed successfully: Column 'customer_name' has 1 rows with null or blank values.
2025-05-26 22:09:30 - INFO - Applying DQ rule [dq_null_values_check] on 'customer_name' column.
2025-05-26 22:09:30 - INFO - Validating inputs.
2025-05-26 22:09:30 - INFO - Applying DQ rule [dq_null_values_check] on 'customer_name' column.
2025-05-26 22:09:30 - INFO - Applying DQ rule [dq_null_values_check] on 'customer_name' column.
2025-05-26 22:09:30 - INFO - Applying DQ rule [dq_null_values_check] on 'customer_name' column.
2025-05-26 22:09:30 - INFO - Validating inputs.
2025-05-26 22:09:30 - INFO - Validating inputs.
2025-05-26 22:09:30 - INFO - Validating inputs.
2025-05-26 22:09:43 - INFO - Input validation completed successfully: Column 'customer_name' has 7413 rows with null or blank values.
2025-05-26 22:09:43 - INFO - Input validation completed successfully: Column 'customer_name' has 7474 rows with null or blank values.
2025-05-26 22:09:43 - INFO - Input validation completed successfully: Column 'customer_name' has 7410 rows with null or blank values.
2025-05-26 22:09:43 - INFO - Input validation completed successfully: Column 'customer_name' has 7487 rows with null or blank values.
2025-05-26 22:12:44 - INFO - Applying DQ rule [dq_null_values_check] on 'id' column.
2025-05-26 22:12:44 - INFO - Validating inputs.
2025-05-26 22:12:44 - INFO - Input validation completed successfully: Column 'id' has no null or blank values.
2025-05-26 22:12:45 - INFO - Applying DQ rule [dq_null_values_check] on 'id' column.
2025-05-26 22:12:45 - INFO - Validating inputs.
2025-05-26 22:12:45 - INFO - Applying DQ rule [dq_null_values_check] on 'id' column.
2025-05-26 22:12:45 - INFO - Validating inputs.
2025-05-26 22:12:45 - INFO - Applying DQ rule [dq_null_values_check] on 'id' column.
2025-05-26 22:12:45 - INFO - Validating inputs.
2025-05-26 22:12:45 - INFO - Applying DQ rule [dq_null_values_check] on 'id' column.
2025-05-26 22:12:45 - INFO - Validating inputs.
2025-05-26 22:12:56 - INFO - Input validation completed successfully: Column 'id' has no null or blank values.
2025-05-26 22:12:57 - INFO - Input validation completed successfully: Column 'id' has no null or blank values.
2025-05-26 22:12:57 - INFO - Input validation completed successfully: Column 'id' has no null or blank values.
2025-05-26 22:12:57 - INFO - Input validation completed successfully: Column 'id' has no null or blank values.
2025-05-26 22:12:58 - INFO - Applying DQ rule [dq_null_values_check] on 'customer_name' column.
2025-05-26 22:12:58 - INFO - Validating inputs.
2025-05-26 22:12:58 - INFO - Input validation completed successfully: Column 'customer_name' has 1 rows with null or blank values.
2025-05-26 22:12:59 - INFO - Applying DQ rule [dq_null_values_check] on 'customer_name' column.
2025-05-26 22:12:59 - INFO - Validating inputs.
2025-05-26 22:12:59 - INFO - Applying DQ rule [dq_null_values_check] on 'customer_name' column.
2025-05-26 22:12:59 - INFO - Validating inputs.
2025-05-26 22:12:59 - INFO - Applying DQ rule [dq_null_values_check] on 'customer_name' column.
2025-05-26 22:12:59 - INFO - Validating inputs.
2025-05-26 22:12:59 - INFO - Applying DQ rule [dq_null_values_check] on 'customer_name' column.
2025-05-26 22:12:59 - INFO - Validating inputs.
2025-05-26 22:13:10 - INFO - Input validation completed successfully: Column 'customer_name' has 7410 rows with null or blank values.
2025-05-26 22:13:10 - INFO - Input validation completed successfully: Column 'customer_name' has 7487 rows with null or blank values.
2025-05-26 22:13:11 - INFO - Input validation completed successfully: Column 'customer_name' has 7413 rows with null or blank values.
2025-05-26 22:13:11 - INFO - Input validation completed successfully: Column 'customer_name' has 7474 rows with null or blank values.
2025-05-26 22:13:14 - INFO - Applying DQ rule [dq_null_values_check] on 'id' column.
2025-05-26 22:13:14 - INFO - Validating inputs.
2025-05-26 22:13:14 - INFO - Input validation completed successfully: Column 'id' has no null or blank values.
2025-05-26 22:13:14 - INFO - Applying DQ rule [dq_null_values_check] on 'id' column.
2025-05-26 22:13:14 - INFO - Validating inputs.
2025-05-26 22:13:14 - INFO - Applying DQ rule [dq_null_values_check] on 'id' column.
2025-05-26 22:13:14 - INFO - Validating inputs.
2025-05-26 22:13:14 - INFO - Applying DQ rule [dq_null_values_check] on 'id' column.
2025-05-26 22:13:14 - INFO - Validating inputs.
2025-05-26 22:13:14 - INFO - Applying DQ rule [dq_null_values_check] on 'id' column.
2025-05-26 22:13:14 - INFO - Validating inputs.
2025-05-26 22:13:14 - INFO - Input validation completed successfully: Column 'id' has no null or blank values.
2025-05-26 22:13:14 - INFO - Input validation completed successfully: Column 'id' has no null or blank values.
2025-05-26 22:13:15 - INFO - Input validation completed successfully: Column 'id' has no null or blank values.
2025-05-26 22:13:15 - INFO - Input validation completed successfully: Column 'id' has no null or blank values.
2025-05-26 22:13:16 - INFO - Applying DQ rule [dq_null_values_check] on 'order_name' column.
2025-05-26 22:13:16 - INFO - Validating inputs.
2025-05-26 22:13:16 - INFO - Input validation completed successfully: Column 'order_name' has 1 rows with null or blank values.
2025-05-26 22:13:16 - INFO - Applying DQ rule [dq_null_values_check] on 'order_name' column.
2025-05-26 22:13:16 - INFO - Validating inputs.
2025-05-26 22:13:16 - INFO - Applying DQ rule [dq_null_values_check] on 'order_name' column.
2025-05-26 22:13:16 - INFO - Applying DQ rule [dq_null_values_check] on 'order_name' column.
2025-05-26 22:13:16 - INFO - Applying DQ rule [dq_null_values_check] on 'order_name' column.
2025-05-26 22:13:16 - INFO - Validating inputs.
2025-05-26 22:13:16 - INFO - Validating inputs.
2025-05-26 22:13:16 - INFO - Validating inputs.
2025-05-26 22:13:16 - INFO - Input validation completed successfully: Column 'order_name' has 616 rows with null or blank values.
2025-05-26 22:13:17 - INFO - Input validation completed successfully: Column 'order_name' has 605 rows with null or blank values.
2025-05-26 22:13:17 - INFO - Input validation completed successfully: Column 'order_name' has 634 rows with null or blank values.
2025-05-26 22:13:17 - INFO - Input validation completed successfully: Column 'order_name' has 647 rows with null or blank values.
2025-05-26 22:24:34 - INFO - Applying DQ rule [dq_null_values_check] on 'id' column.
2025-05-26 22:24:34 - INFO - Validating inputs.
2025-05-26 22:24:34 - INFO - Input validation completed successfully: Column 'id' has no null or blank values.
2025-05-26 22:24:34 - INFO - Applying DQ rule [dq_null_values_check] on 'id' column.
2025-05-26 22:24:34 - INFO - Validating inputs.
2025-05-26 22:24:34 - INFO - Applying DQ rule [dq_null_values_check] on 'id' column.
2025-05-26 22:24:34 - INFO - Validating inputs.
2025-05-26 22:24:34 - INFO - Applying DQ rule [dq_null_values_check] on 'id' column.
2025-05-26 22:24:34 - INFO - Validating inputs.
2025-05-26 22:24:34 - INFO - Applying DQ rule [dq_null_values_check] on 'id' column.
2025-05-26 22:24:34 - INFO - Validating inputs.
2025-05-26 22:24:47 - INFO - Input validation completed successfully: Column 'id' has no null or blank values.
2025-05-26 22:24:48 - INFO - Input validation completed successfully: Column 'id' has no null or blank values.
2025-05-26 22:24:48 - INFO - Input validation completed successfully: Column 'id' has no null or blank values.
2025-05-26 22:24:48 - INFO - Input validation completed successfully: Column 'id' has no null or blank values.
2025-05-26 22:24:49 - INFO - Applying DQ rule [dq_null_values_check] on 'customer_name' column.
2025-05-26 22:24:49 - INFO - Validating inputs.
2025-05-26 22:24:49 - INFO - Input validation completed successfully: Column 'customer_name' has 1 rows with null or blank values.
2025-05-26 22:24:49 - INFO - Applying DQ rule [dq_null_values_check] on 'customer_name' column.
2025-05-26 22:24:49 - INFO - Validating inputs.
2025-05-26 22:24:49 - INFO - Applying DQ rule [dq_null_values_check] on 'customer_name' column.
2025-05-26 22:24:49 - INFO - Validating inputs.
2025-05-26 22:24:49 - INFO - Applying DQ rule [dq_null_values_check] on 'customer_name' column.
2025-05-26 22:24:49 - INFO - Validating inputs.
2025-05-26 22:24:49 - INFO - Applying DQ rule [dq_null_values_check] on 'customer_name' column.
2025-05-26 22:24:49 - INFO - Validating inputs.
2025-05-26 22:25:03 - INFO - Input validation completed successfully: Column 'customer_name' has 7413 rows with null or blank values.
2025-05-26 22:25:03 - INFO - Input validation completed successfully: Column 'customer_name' has 7487 rows with null or blank values.
2025-05-26 22:25:03 - INFO - Input validation completed successfully: Column 'customer_name' has 7474 rows with null or blank values.
2025-05-26 22:25:03 - INFO - Input validation completed successfully: Column 'customer_name' has 7410 rows with null or blank values.
2025-05-26 22:25:07 - INFO - Applying DQ rule [dq_null_values_check] on 'order_name' column.
2025-05-26 22:25:07 - INFO - Validating inputs.
2025-05-26 22:25:07 - INFO - Input validation completed successfully: Column 'order_name' has 1 rows with null or blank values.
2025-05-26 22:25:07 - INFO - Applying DQ rule [dq_null_values_check] on 'order_name' column.
2025-05-26 22:25:07 - INFO - Validating inputs.
2025-05-26 22:25:07 - INFO - Applying DQ rule [dq_null_values_check] on 'order_name' column.
2025-05-26 22:25:07 - INFO - Validating inputs.
2025-05-26 22:25:07 - INFO - Applying DQ rule [dq_null_values_check] on 'order_name' column.
2025-05-26 22:25:07 - INFO - Validating inputs.
2025-05-26 22:25:07 - INFO - Applying DQ rule [dq_null_values_check] on 'order_name' column.
2025-05-26 22:25:07 - INFO - Validating inputs.
2025-05-26 22:25:08 - INFO - Input validation completed successfully: Column 'order_name' has 616 rows with null or blank values.
2025-05-26 22:25:08 - INFO - Input validation completed successfully: Column 'order_name' has 605 rows with null or blank values.
2025-05-26 22:25:08 - INFO - Input validation completed successfully: Column 'order_name' has 634 rows with null or blank values.
2025-05-26 22:25:08 - INFO - Input validation completed successfully: Column 'order_name' has 647 rows with null or blank values.
2025-05-26 22:25:09 - INFO - Applying DQ rule [dq_null_values_check] on 'id' column.
2025-05-26 22:25:09 - INFO - Validating inputs.
2025-05-26 22:25:09 - INFO - Input validation completed successfully: Column 'id' has no null or blank values.
2025-05-26 22:25:09 - INFO - Applying DQ rule [dq_null_values_check] on 'id' column.
2025-05-26 22:25:09 - INFO - Validating inputs.
2025-05-26 22:25:09 - INFO - Applying DQ rule [dq_null_values_check] on 'id' column.
2025-05-26 22:25:09 - INFO - Validating inputs.
2025-05-26 22:25:09 - INFO - Applying DQ rule [dq_null_values_check] on 'id' column.
2025-05-26 22:25:09 - INFO - Applying DQ rule [dq_null_values_check] on 'id' column.
2025-05-26 22:25:09 - INFO - Validating inputs.
2025-05-26 22:25:09 - INFO - Validating inputs.
2025-05-26 22:25:10 - INFO - Input validation completed successfully: Column 'id' has no null or blank values.
2025-05-26 22:25:10 - INFO - Input validation completed successfully: Column 'id' has no null or blank values.
2025-05-26 22:25:10 - INFO - Input validation completed successfully: Column 'id' has no null or blank values.
2025-05-26 22:25:10 - INFO - Input validation completed successfully: Column 'id' has no null or blank values.
2025-05-26 23:21:33 - INFO - Applying DQ rule [dq_null_values_check] on 'id' column.
2025-05-26 23:21:33 - INFO - Validating inputs.
2025-05-26 23:21:33 - INFO - Input validation completed successfully: Column 'id' has no null or blank values.
2025-05-26 23:21:33 - INFO - Applying DQ rule [dq_null_values_check] on 'id' column.
2025-05-26 23:21:33 - INFO - Validating inputs.
2025-05-26 23:21:33 - INFO - Applying DQ rule [dq_null_values_check] on 'id' column.
2025-05-26 23:21:33 - INFO - Validating inputs.
2025-05-26 23:21:33 - INFO - Applying DQ rule [dq_null_values_check] on 'id' column.
2025-05-26 23:21:33 - INFO - Validating inputs.
2025-05-26 23:21:33 - INFO - Applying DQ rule [dq_null_values_check] on 'id' column.
2025-05-26 23:21:33 - INFO - Validating inputs.
2025-05-26 23:21:45 - INFO - Input validation completed successfully: Column 'id' has no null or blank values.
2025-05-26 23:21:45 - INFO - Input validation completed successfully: Column 'id' has no null or blank values.
2025-05-26 23:21:46 - INFO - Input validation completed successfully: Column 'id' has no null or blank values.
2025-05-26 23:21:46 - INFO - Input validation completed successfully: Column 'id' has no null or blank values.
2025-05-26 23:21:47 - INFO - Applying DQ rule [dq_mobile_length_check] on 'id' column.
2025-05-26 23:21:47 - INFO - Validating inputs.
2025-05-26 23:21:47 - INFO - Input validation completed successfully: Column 'id' has 2 rows with invalid mobile lengths.
2025-05-26 23:21:47 - INFO - Applying DQ rule [dq_mobile_length_check] on 'id' column.
2025-05-26 23:21:47 - INFO - Validating inputs.
2025-05-26 23:21:47 - INFO - Applying DQ rule [dq_mobile_length_check] on 'id' column.
2025-05-26 23:21:47 - INFO - Validating inputs.
2025-05-26 23:21:47 - INFO - Applying DQ rule [dq_mobile_length_check] on 'id' column.
2025-05-26 23:21:47 - INFO - Validating inputs.
2025-05-26 23:21:47 - INFO - Applying DQ rule [dq_mobile_length_check] on 'id' column.
2025-05-26 23:21:47 - INFO - Validating inputs.
2025-05-26 23:22:04 - INFO - Input validation completed successfully: Column 'id' has 250000 rows with invalid mobile lengths.
2025-05-26 23:22:04 - INFO - Input validation completed successfully: Column 'id' has 250000 rows with invalid mobile lengths.
2025-05-26 23:22:05 - INFO - Input validation completed successfully: Column 'id' has 250000 rows with invalid mobile lengths.
2025-05-26 23:22:05 - INFO - Input validation completed successfully: Column 'id' has 250000 rows with invalid mobile lengths.
2025-05-26 23:22:06 - INFO - Applying DQ rule [dq_pan_number_check] on 'pan_number' column.
2025-05-26 23:22:06 - INFO - Validating inputs.
2025-05-26 23:22:06 - INFO - Input validation completed: Column 'pan_number' has 2 rows with invalid PAN formats.
2025-05-26 23:22:06 - INFO - Applying DQ rule [dq_pan_number_check] on 'pan_number' column.
2025-05-26 23:22:06 - INFO - Validating inputs.
2025-05-26 23:22:06 - INFO - Applying DQ rule [dq_pan_number_check] on 'pan_number' column.
2025-05-26 23:22:06 - INFO - Validating inputs.
2025-05-26 23:22:06 - INFO - Applying DQ rule [dq_pan_number_check] on 'pan_number' column.
2025-05-26 23:22:06 - INFO - Validating inputs.
2025-05-26 23:22:06 - INFO - Applying DQ rule [dq_pan_number_check] on 'pan_number' column.
2025-05-26 23:22:06 - INFO - Validating inputs.
2025-05-26 23:22:21 - INFO - Input validation completed: Column 'pan_number' has 12376 rows with invalid PAN formats.
2025-05-26 23:22:21 - INFO - Input validation completed: Column 'pan_number' has 12439 rows with invalid PAN formats.
2025-05-26 23:22:22 - INFO - Input validation completed: Column 'pan_number' has 12105 rows with invalid PAN formats.
2025-05-26 23:22:22 - INFO - Input validation completed: Column 'pan_number' has 12438 rows with invalid PAN formats.
2025-05-26 23:22:31 - INFO - Applying DQ rule [dq_null_values_check] on 'id' column.
2025-05-26 23:22:31 - INFO - Validating inputs.
2025-05-26 23:22:31 - INFO - Input validation completed successfully: Column 'id' has no null or blank values.
2025-05-26 23:22:31 - INFO - Applying DQ rule [dq_null_values_check] on 'id' column.
2025-05-26 23:22:31 - INFO - Validating inputs.
2025-05-26 23:22:31 - INFO - Applying DQ rule [dq_null_values_check] on 'id' column.
2025-05-26 23:22:31 - INFO - Applying DQ rule [dq_null_values_check] on 'id' column.
2025-05-26 23:22:31 - INFO - Applying DQ rule [dq_null_values_check] on 'id' column.
2025-05-26 23:22:31 - INFO - Validating inputs.
2025-05-26 23:22:31 - INFO - Validating inputs.
2025-05-26 23:22:31 - INFO - Validating inputs.
2025-05-26 23:22:31 - INFO - Input validation completed successfully: Column 'id' has no null or blank values.
2025-05-26 23:22:32 - INFO - Input validation completed successfully: Column 'id' has no null or blank values.
2025-05-26 23:22:32 - INFO - Input validation completed successfully: Column 'id' has no null or blank values.
2025-05-26 23:22:32 - INFO - Input validation completed successfully: Column 'id' has no null or blank values.
2025-05-26 23:30:46 - INFO - Applying DQ rule [dq_null_values_check] on 'mobile_number' column.
2025-05-26 23:30:46 - INFO - Validating inputs.
2025-05-26 23:30:46 - INFO - Input validation completed successfully: Column 'mobile_number' has 1 rows with null or blank values.
2025-05-26 23:30:46 - INFO - Applying DQ rule [dq_null_values_check] on 'mobile_number' column.
2025-05-26 23:30:46 - INFO - Validating inputs.
2025-05-26 23:30:46 - INFO - Applying DQ rule [dq_null_values_check] on 'mobile_number' column.
2025-05-26 23:30:46 - INFO - Validating inputs.
2025-05-26 23:30:46 - INFO - Applying DQ rule [dq_null_values_check] on 'mobile_number' column.
2025-05-26 23:30:46 - INFO - Validating inputs.
2025-05-26 23:30:46 - INFO - Applying DQ rule [dq_null_values_check] on 'mobile_number' column.
2025-05-26 23:30:46 - INFO - Validating inputs.
2025-05-26 23:30:59 - INFO - Input validation completed successfully: Column 'mobile_number' has 7547 rows with null or blank values.
2025-05-26 23:30:59 - INFO - Input validation completed successfully: Column 'mobile_number' has 7506 rows with null or blank values.
2025-05-26 23:31:00 - INFO - Input validation completed successfully: Column 'mobile_number' has 7579 rows with null or blank values.
2025-05-26 23:31:00 - INFO - Input validation completed successfully: Column 'mobile_number' has 7408 rows with null or blank values.
2025-05-26 23:31:01 - INFO - Applying DQ rule [dq_null_values_check] on 'id' column.
2025-05-26 23:31:01 - INFO - Validating inputs.
2025-05-26 23:31:01 - INFO - Input validation completed successfully: Column 'id' has no null or blank values.
2025-05-26 23:31:01 - INFO - Applying DQ rule [dq_null_values_check] on 'id' column.
2025-05-26 23:31:01 - INFO - Validating inputs.
2025-05-26 23:31:01 - INFO - Applying DQ rule [dq_null_values_check] on 'id' column.
2025-05-26 23:31:01 - INFO - Validating inputs.
2025-05-26 23:31:01 - INFO - Applying DQ rule [dq_null_values_check] on 'id' column.
2025-05-26 23:31:01 - INFO - Validating inputs.
2025-05-26 23:31:01 - INFO - Applying DQ rule [dq_null_values_check] on 'id' column.
2025-05-26 23:31:01 - INFO - Validating inputs.
2025-05-26 23:31:14 - INFO - Input validation completed successfully: Column 'id' has no null or blank values.
2025-05-26 23:31:14 - INFO - Input validation completed successfully: Column 'id' has no null or blank values.
2025-05-26 23:31:14 - INFO - Input validation completed successfully: Column 'id' has no null or blank values.
2025-05-26 23:31:15 - INFO - Input validation completed successfully: Column 'id' has no null or blank values.
2025-05-26 23:31:16 - INFO - Applying DQ rule [dq_null_values_check] on 'pan_number' column.
2025-05-26 23:31:16 - INFO - Validating inputs.
2025-05-26 23:31:16 - INFO - Input validation completed successfully: Column 'pan_number' has 1 rows with null or blank values.
2025-05-26 23:31:16 - INFO - Applying DQ rule [dq_null_values_check] on 'pan_number' column.
2025-05-26 23:31:16 - INFO - Validating inputs.
2025-05-26 23:31:16 - INFO - Applying DQ rule [dq_null_values_check] on 'pan_number' column.
2025-05-26 23:31:16 - INFO - Validating inputs.
2025-05-26 23:31:16 - INFO - Applying DQ rule [dq_null_values_check] on 'pan_number' column.
2025-05-26 23:31:16 - INFO - Validating inputs.
2025-05-26 23:31:16 - INFO - Applying DQ rule [dq_null_values_check] on 'pan_number' column.
2025-05-26 23:31:16 - INFO - Validating inputs.
2025-05-26 23:31:29 - INFO - Input validation completed successfully: Column 'pan_number' has 5004 rows with null or blank values.
2025-05-26 23:31:29 - INFO - Input validation completed successfully: Column 'pan_number' has 5017 rows with null or blank values.
2025-05-26 23:31:30 - INFO - Input validation completed successfully: Column 'pan_number' has 5067 rows with null or blank values.
2025-05-26 23:31:30 - INFO - Input validation completed successfully: Column 'pan_number' has 5127 rows with null or blank values.
2025-05-26 23:31:31 - INFO - Applying DQ rule [dq_pan_number_check] on 'pan_number' column.
2025-05-26 23:31:31 - INFO - Validating inputs.
2025-05-26 23:31:31 - INFO - Input validation completed: Column 'pan_number' has 2 rows with invalid PAN formats.
2025-05-26 23:31:31 - INFO - Applying DQ rule [dq_pan_number_check] on 'pan_number' column.
2025-05-26 23:31:31 - INFO - Applying DQ rule [dq_pan_number_check] on 'pan_number' column.
2025-05-26 23:31:31 - INFO - Applying DQ rule [dq_pan_number_check] on 'pan_number' column.
2025-05-26 23:31:31 - INFO - Applying DQ rule [dq_pan_number_check] on 'pan_number' column.
2025-05-26 23:31:31 - INFO - Validating inputs.
2025-05-26 23:31:31 - INFO - Validating inputs.
2025-05-26 23:31:31 - INFO - Validating inputs.
2025-05-26 23:31:31 - INFO - Validating inputs.
2025-05-26 23:31:46 - INFO - Input validation completed: Column 'pan_number' has 12376 rows with invalid PAN formats.
2025-05-26 23:31:46 - INFO - Input validation completed: Column 'pan_number' has 12105 rows with invalid PAN formats.
2025-05-26 23:31:47 - INFO - Input validation completed: Column 'pan_number' has 12438 rows with invalid PAN formats.
2025-05-26 23:31:47 - INFO - Input validation completed: Column 'pan_number' has 12439 rows with invalid PAN formats.
2025-05-26 23:31:51 - INFO - Applying DQ rule [dq_null_values_check] on 'id' column.
2025-05-26 23:31:51 - INFO - Validating inputs.
2025-05-26 23:31:51 - INFO - Input validation completed successfully: Column 'id' has no null or blank values.
2025-05-26 23:31:51 - INFO - Applying DQ rule [dq_null_values_check] on 'id' column.
2025-05-26 23:31:51 - INFO - Validating inputs.
2025-05-26 23:31:51 - INFO - Applying DQ rule [dq_null_values_check] on 'id' column.
2025-05-26 23:31:51 - INFO - Applying DQ rule [dq_null_values_check] on 'id' column.
2025-05-26 23:31:51 - INFO - Validating inputs.
2025-05-26 23:31:51 - INFO - Validating inputs.
2025-05-26 23:31:51 - INFO - Applying DQ rule [dq_null_values_check] on 'id' column.
2025-05-26 23:31:51 - INFO - Validating inputs.
2025-05-26 23:31:52 - INFO - Input validation completed successfully: Column 'id' has no null or blank values.
2025-05-26 23:31:52 - INFO - Input validation completed successfully: Column 'id' has no null or blank values.
2025-05-26 23:31:52 - INFO - Input validation completed successfully: Column 'id' has no null or blank values.
2025-05-26 23:31:52 - INFO - Input validation completed successfully: Column 'id' has no null or blank values.
2025-05-26 23:31:53 - INFO - Applying DQ rule [dq_customer_age_check] on 'id' column.
2025-05-26 23:31:53 - INFO - Validating inputs.
2025-05-26 23:31:53 - INFO - Input validation completed successfully: Column 'id' has 2 rows with invalid ages.
2025-05-26 23:31:53 - INFO - Applying DQ rule [dq_customer_age_check] on 'id' column.
2025-05-26 23:31:53 - INFO - Validating inputs.
2025-05-26 23:31:53 - INFO - Applying DQ rule [dq_customer_age_check] on 'id' column.
2025-05-26 23:31:53 - INFO - Validating inputs.
2025-05-26 23:31:53 - INFO - Applying DQ rule [dq_customer_age_check] on 'id' column.
2025-05-26 23:31:53 - INFO - Validating inputs.
2025-05-26 23:31:53 - INFO - Applying DQ rule [dq_customer_age_check] on 'id' column.
2025-05-26 23:31:53 - INFO - Validating inputs.
2025-05-26 23:31:54 - INFO - Input validation completed successfully: Column 'id' has 25000 rows with invalid ages.
2025-05-26 23:31:54 - INFO - Input validation completed successfully: Column 'id' has 25000 rows with invalid ages.
2025-05-26 23:31:54 - INFO - Input validation completed successfully: Column 'id' has 25000 rows with invalid ages.
2025-05-26 23:31:54 - INFO - Input validation completed successfully: Column 'id' has 24910 rows with invalid ages.
2025-05-26 23:40:46 - INFO - Applying DQ rule [dq_null_values_check] on 'id' column.
2025-05-26 23:40:46 - INFO - Validating inputs.
2025-05-26 23:40:46 - INFO - Input validation completed successfully: Column 'id' has no null or blank values.
2025-05-26 23:40:46 - INFO - Applying DQ rule [dq_null_values_check] on 'id' column.
2025-05-26 23:40:46 - INFO - Validating inputs.
2025-05-26 23:40:46 - INFO - Applying DQ rule [dq_null_values_check] on 'id' column.
2025-05-26 23:40:47 - INFO - Validating inputs.
2025-05-26 23:40:47 - INFO - Applying DQ rule [dq_null_values_check] on 'id' column.
2025-05-26 23:40:47 - INFO - Applying DQ rule [dq_null_values_check] on 'id' column.
2025-05-26 23:40:47 - INFO - Validating inputs.
2025-05-26 23:40:47 - INFO - Validating inputs.
2025-05-26 23:41:00 - INFO - Input validation completed successfully: Column 'id' has no null or blank values.
2025-05-26 23:41:00 - INFO - Input validation completed successfully: Column 'id' has no null or blank values.
2025-05-26 23:41:00 - INFO - Input validation completed successfully: Column 'id' has no null or blank values.
2025-05-26 23:41:00 - INFO - Input validation completed successfully: Column 'id' has no null or blank values.
2025-05-26 23:41:01 - INFO - Applying DQ rule [dq_null_values_check] on 'customer_name' column.
2025-05-26 23:41:01 - INFO - Validating inputs.
2025-05-26 23:41:01 - INFO - Input validation completed successfully: Column 'customer_name' has 1 rows with null or blank values.
2025-05-26 23:41:02 - INFO - Applying DQ rule [dq_null_values_check] on 'customer_name' column.
2025-05-26 23:41:02 - INFO - Validating inputs.
2025-05-26 23:41:02 - INFO - Applying DQ rule [dq_null_values_check] on 'customer_name' column.
2025-05-26 23:41:02 - INFO - Validating inputs.
2025-05-26 23:41:02 - INFO - Applying DQ rule [dq_null_values_check] on 'customer_name' column.
2025-05-26 23:41:02 - INFO - Validating inputs.
2025-05-26 23:41:02 - INFO - Applying DQ rule [dq_null_values_check] on 'customer_name' column.
2025-05-26 23:41:02 - INFO - Validating inputs.
2025-05-26 23:41:15 - INFO - Input validation completed successfully: Column 'customer_name' has 7413 rows with null or blank values.
2025-05-26 23:41:15 - INFO - Input validation completed successfully: Column 'customer_name' has 7474 rows with null or blank values.
2025-05-26 23:41:15 - INFO - Input validation completed successfully: Column 'customer_name' has 7487 rows with null or blank values.
2025-05-26 23:41:15 - INFO - Input validation completed successfully: Column 'customer_name' has 7410 rows with null or blank values.
2025-05-26 23:41:19 - INFO - Applying DQ rule [dq_null_values_check] on 'id' column.
2025-05-26 23:41:19 - INFO - Validating inputs.
2025-05-26 23:41:19 - INFO - Input validation completed successfully: Column 'id' has no null or blank values.
2025-05-26 23:41:19 - INFO - Applying DQ rule [dq_null_values_check] on 'id' column.
2025-05-26 23:41:19 - INFO - Validating inputs.
2025-05-26 23:41:19 - INFO - Applying DQ rule [dq_null_values_check] on 'id' column.
2025-05-26 23:41:19 - INFO - Validating inputs.
2025-05-26 23:41:19 - INFO - Applying DQ rule [dq_null_values_check] on 'id' column.
2025-05-26 23:41:19 - INFO - Validating inputs.
2025-05-26 23:41:19 - INFO - Applying DQ rule [dq_null_values_check] on 'id' column.
2025-05-26 23:41:19 - INFO - Validating inputs.
2025-05-26 23:41:19 - INFO - Input validation completed successfully: Column 'id' has no null or blank values.
2025-05-26 23:41:20 - INFO - Input validation completed successfully: Column 'id' has no null or blank values.
2025-05-26 23:41:20 - INFO - Input validation completed successfully: Column 'id' has no null or blank values.
2025-05-26 23:41:20 - INFO - Input validation completed successfully: Column 'id' has no null or blank values.
2025-05-26 23:41:21 - INFO - Applying DQ rule [dq_null_values_check] on 'order_name' column.
2025-05-26 23:41:21 - INFO - Validating inputs.
2025-05-26 23:41:21 - INFO - Input validation completed successfully: Column 'order_name' has 1 rows with null or blank values.
2025-05-26 23:41:21 - INFO - Applying DQ rule [dq_null_values_check] on 'order_name' column.
2025-05-26 23:41:21 - INFO - Validating inputs.
2025-05-26 23:41:21 - INFO - Applying DQ rule [dq_null_values_check] on 'order_name' column.
2025-05-26 23:41:21 - INFO - Validating inputs.
2025-05-26 23:41:21 - INFO - Applying DQ rule [dq_null_values_check] on 'order_name' column.
2025-05-26 23:41:21 - INFO - Applying DQ rule [dq_null_values_check] on 'order_name' column.
2025-05-26 23:41:21 - INFO - Validating inputs.
2025-05-26 23:41:21 - INFO - Validating inputs.
2025-05-26 23:41:22 - INFO - Input validation completed successfully: Column 'order_name' has 647 rows with null or blank values.
2025-05-26 23:41:22 - INFO - Input validation completed successfully: Column 'order_name' has 634 rows with null or blank values.
2025-05-26 23:41:22 - INFO - Input validation completed successfully: Column 'order_name' has 605 rows with null or blank values.
2025-05-26 23:41:23 - INFO - Input validation completed successfully: Column 'order_name' has 616 rows with null or blank values.
2025-05-26 23:55:33 - INFO - Applying DQ rule [dq_null_values_check] on 'id' column.
2025-05-26 23:55:33 - INFO - Validating inputs.
2025-05-26 23:55:33 - INFO - Input validation completed successfully: Column 'id' has no null or blank values.
2025-05-26 23:55:33 - INFO - Applying DQ rule [dq_null_values_check] on 'id' column.
2025-05-26 23:55:33 - INFO - Validating inputs.
2025-05-26 23:55:33 - INFO - Applying DQ rule [dq_null_values_check] on 'id' column.
2025-05-26 23:55:33 - INFO - Validating inputs.
2025-05-26 23:55:33 - INFO - Applying DQ rule [dq_null_values_check] on 'id' column.
2025-05-26 23:55:33 - INFO - Validating inputs.
2025-05-26 23:55:33 - INFO - Applying DQ rule [dq_null_values_check] on 'id' column.
2025-05-26 23:55:33 - INFO - Validating inputs.
2025-05-26 23:55:46 - INFO - Input validation completed successfully: Column 'id' has no null or blank values.
2025-05-26 23:55:46 - INFO - Input validation completed successfully: Column 'id' has no null or blank values.
2025-05-26 23:55:47 - INFO - Input validation completed successfully: Column 'id' has no null or blank values.
2025-05-26 23:55:47 - INFO - Input validation completed successfully: Column 'id' has no null or blank values.
2025-05-26 23:55:48 - INFO - Applying DQ rule [dq_pan_number_check] on 'pan_number' column.
2025-05-26 23:55:48 - INFO - Validating inputs.
2025-05-26 23:55:48 - INFO - Input validation completed: Column 'pan_number' has 2 rows with invalid PAN formats.
2025-05-26 23:55:48 - INFO - Applying DQ rule [dq_pan_number_check] on 'pan_number' column.
2025-05-26 23:55:48 - INFO - Validating inputs.
2025-05-26 23:55:48 - INFO - Applying DQ rule [dq_pan_number_check] on 'pan_number' column.
2025-05-26 23:55:48 - INFO - Applying DQ rule [dq_pan_number_check] on 'pan_number' column.
2025-05-26 23:55:48 - INFO - Applying DQ rule [dq_pan_number_check] on 'pan_number' column.
2025-05-26 23:55:48 - INFO - Validating inputs.
2025-05-26 23:55:48 - INFO - Validating inputs.
2025-05-26 23:55:48 - INFO - Validating inputs.
2025-05-26 23:56:03 - INFO - Input validation completed: Column 'pan_number' has 12376 rows with invalid PAN formats.
2025-05-26 23:56:04 - INFO - Input validation completed: Column 'pan_number' has 12439 rows with invalid PAN formats.
2025-05-26 23:56:04 - INFO - Input validation completed: Column 'pan_number' has 12438 rows with invalid PAN formats.
2025-05-26 23:56:04 - INFO - Input validation completed: Column 'pan_number' has 12105 rows with invalid PAN formats.
2025-05-26 23:56:05 - INFO - Applying DQ rule [dq_null_values_check] on 'customer_name' column.
2025-05-26 23:56:05 - INFO - Validating inputs.
2025-05-26 23:56:05 - INFO - Input validation completed successfully: Column 'customer_name' has 1 rows with null or blank values.
2025-05-26 23:56:06 - INFO - Applying DQ rule [dq_null_values_check] on 'customer_name' column.
2025-05-26 23:56:06 - INFO - Validating inputs.
2025-05-26 23:56:06 - INFO - Applying DQ rule [dq_null_values_check] on 'customer_name' column.
2025-05-26 23:56:06 - INFO - Validating inputs.
2025-05-26 23:56:06 - INFO - Applying DQ rule [dq_null_values_check] on 'customer_name' column.
2025-05-26 23:56:06 - INFO - Validating inputs.
2025-05-26 23:56:06 - INFO - Applying DQ rule [dq_null_values_check] on 'customer_name' column.
2025-05-26 23:56:06 - INFO - Validating inputs.
2025-05-26 23:56:19 - INFO - Input validation completed successfully: Column 'customer_name' has 7487 rows with null or blank values.
2025-05-26 23:56:19 - INFO - Input validation completed successfully: Column 'customer_name' has 7474 rows with null or blank values.
2025-05-26 23:56:19 - INFO - Input validation completed successfully: Column 'customer_name' has 7410 rows with null or blank values.
2025-05-26 23:56:19 - INFO - Input validation completed successfully: Column 'customer_name' has 7413 rows with null or blank values.
2025-05-26 23:56:24 - INFO - Applying DQ rule [dq_null_values_check] on 'id' column.
2025-05-26 23:56:24 - INFO - Validating inputs.
2025-05-26 23:56:24 - INFO - Input validation completed successfully: Column 'id' has no null or blank values.
2025-05-26 23:56:24 - INFO - Applying DQ rule [dq_null_values_check] on 'id' column.
2025-05-26 23:56:24 - INFO - Validating inputs.
2025-05-26 23:56:24 - INFO - Applying DQ rule [dq_null_values_check] on 'id' column.
2025-05-26 23:56:24 - INFO - Applying DQ rule [dq_null_values_check] on 'id' column.
2025-05-26 23:56:24 - INFO - Validating inputs.
2025-05-26 23:56:24 - INFO - Validating inputs.
2025-05-26 23:56:24 - INFO - Applying DQ rule [dq_null_values_check] on 'id' column.
2025-05-26 23:56:24 - INFO - Validating inputs.
2025-05-26 23:56:25 - INFO - Input validation completed successfully: Column 'id' has no null or blank values.
2025-05-26 23:56:25 - INFO - Input validation completed successfully: Column 'id' has no null or blank values.
2025-05-26 23:56:25 - INFO - Input validation completed successfully: Column 'id' has no null or blank values.
2025-05-26 23:56:25 - INFO - Input validation completed successfully: Column 'id' has no null or blank values.
2025-05-26 23:56:26 - INFO - Applying DQ rule [dq_null_values_check] on 'order_name' column.
2025-05-26 23:56:26 - INFO - Validating inputs.
2025-05-26 23:56:27 - INFO - Input validation completed successfully: Column 'order_name' has 1 rows with null or blank values.
2025-05-26 23:56:27 - INFO - Applying DQ rule [dq_null_values_check] on 'order_name' column.
2025-05-26 23:56:27 - INFO - Applying DQ rule [dq_null_values_check] on 'order_name' column.
2025-05-26 23:56:27 - INFO - Validating inputs.
2025-05-26 23:56:27 - INFO - Applying DQ rule [dq_null_values_check] on 'order_name' column.
2025-05-26 23:56:27 - INFO - Applying DQ rule [dq_null_values_check] on 'order_name' column.
2025-05-26 23:56:27 - INFO - Validating inputs.
2025-05-26 23:56:27 - INFO - Validating inputs.
2025-05-26 23:56:27 - INFO - Validating inputs.
2025-05-26 23:56:28 - INFO - Input validation completed successfully: Column 'order_name' has 634 rows with null or blank values.
2025-05-26 23:56:28 - INFO - Input validation completed successfully: Column 'order_name' has 605 rows with null or blank values.
2025-05-26 23:56:28 - INFO - Input validation completed successfully: Column 'order_name' has 616 rows with null or blank values.
2025-05-26 23:56:28 - INFO - Input validation completed successfully: Column 'order_name' has 647 rows with null or blank values.
